<?xml version="1.0" encoding="UTF-8"?>
<robot generator="Robot 4.0.3 (Python 3.9.6 on darwin)" generated="20210709 16:55:43.166" rpa="false" schemaversion="2">
<suite id="s1" name="GoogleSearch" source="/Users/nicolejavier/Documents/FashionPLM/fplm-qa/Tests/GoogleSearch.robot">
<test id="s1-t1" name="[TC-001] Verify If User Can Search On Google">
<kw name="Open Chrome Browser" library="SearchPage">
<arg>${URL}</arg>
<kw name="Open Browser" library="SeleniumLibrary">
<arg>${URL}</arg>
<arg>Chrome</arg>
<doc>Opens a new browser instance to the optional ``url``.</doc>
<msg timestamp="20210709 16:55:43.346" level="INFO">Opening browser 'Chrome' to base url 'https://www.google.com/'.</msg>
<status status="PASS" starttime="20210709 16:55:43.346" endtime="20210709 16:55:47.767"/>
</kw>
<status status="PASS" starttime="20210709 16:55:43.346" endtime="20210709 16:55:47.768"/>
</kw>
<kw name="Input Search Term" library="SearchPage">
<arg>${searchTerm}</arg>
<kw name="Input Text" library="SeleniumLibrary">
<arg>${txtSearch}</arg>
<arg>${searchTerm}</arg>
<doc>Types the given ``text`` into the text field identified by ``locator``.</doc>
<msg timestamp="20210709 16:55:47.770" level="INFO">Typing text 'Selenium' into text field 'name=q'.</msg>
<status status="PASS" starttime="20210709 16:55:47.769" endtime="20210709 16:55:47.882"/>
</kw>
<status status="PASS" starttime="20210709 16:55:47.769" endtime="20210709 16:55:47.882"/>
</kw>
<kw name="Click Google Search Button" library="SearchPage">
<kw name="Wait Until Element Is Visible" library="SeleniumLibrary">
<arg>${btnGoogleSearch}</arg>
<doc>Waits until the element ``locator`` is visible.</doc>
<status status="PASS" starttime="20210709 16:55:47.883" endtime="20210709 16:55:48.163"/>
</kw>
<kw name="Click Element" library="SeleniumLibrary">
<arg>${btnGoogleSearch}</arg>
<doc>Click the element identified by ``locator``.</doc>
<msg timestamp="20210709 16:55:48.164" level="INFO">Clicking element 'name=btnK'.</msg>
<status status="PASS" starttime="20210709 16:55:48.163" endtime="20210709 16:55:50.679"/>
</kw>
<status status="PASS" starttime="20210709 16:55:47.883" endtime="20210709 16:55:50.680"/>
</kw>
<status status="PASS" starttime="20210709 16:55:43.345" endtime="20210709 16:55:50.680"/>
</test>
<status status="PASS" starttime="20210709 16:55:43.168" endtime="20210709 16:55:50.681"/>
</suite>
<statistics>
<total>
<stat pass="1" fail="0" skip="0">All Tests</stat>
</total>
<tag>
</tag>
<suite>
<stat pass="1" fail="0" skip="0" id="s1" name="GoogleSearch">GoogleSearch</stat>
</suite>
</statistics>
<errors>
</errors>
</robot>
